<launch>
  
  <group if="1 and 1" pyeval="false">
  </group>

</launch>
