<launch>
 <node pkg="toto" name="toto" type="toto" max_logfile_size="-1"/>
</launch>
