<launch>

  <!-- Test chckes if with_sub == without_sub -->
  <arg name="my_arg" value="my_value"/>
  <rosparam>
    with_sub: $(arg my_arg)
    without_sub: my_value
  </rosparam>

</launch>

