<launch>
  
  <group if="1 and 1">
  </group>

</launch>
